<?xml version="1.0" encoding="UTF-8"?>
<testsuite xmlns:xsi="http://www.w3.org/2001/XMLSchema-instance" xsi:noNamespaceSchemaLocation="https://maven.apache.org/surefire/maven-surefire-plugin/xsd/surefire-test-report-3.0.xsd" version="3.0" name="SalesReservationTest" time="1.237" tests="34" errors="0" skipped="0" failures="0">
  <properties>
[...]
</properties>
  <testcase name="testDatabaseConnection" classname="SalesReservationTest" time="0.007">
    <system-out><![CDATA[========================================
SalesReservationTest - setUpClass()
========================================
sys.default.path.config = null
Creating core's primary schema...
Populating core's primary schema...
Configuration loaded successfully.
Loading database schemas and test data...
All schemas and test data loaded successfully.
========================================
Test environment initialized.
========================================
Starting test...
Running testDatabaseConnection()
Test completed.
]]></system-out>
  </testcase>
  <testcase name="testInitTransaction_Succeeds" classname="SalesReservationTest" time="0.029">
    <system-out><![CDATA[Starting test...
Test completed.
]]></system-out>
  </testcase>
  <testcase name="testNewTransaction_DefaultsFieldsCorrectly" classname="SalesReservationTest" time="0.042">
    <system-out><![CDATA[Starting test...
Transaction saved successfully.
Test completed.
]]></system-out>
  </testcase>
  <testcase name="testValidateDetails_NoDetailRows_ReturnsError" classname="SalesReservationTest" time="0.014">
    <system-out><![CDATA[Starting test...
Test completed.
]]></system-out>
  </testcase>
  <testcase name="testValidateDetails_SingleRow_ZeroQuantity_ReturnsError" classname="SalesReservationTest" time="0.013">
    <system-out><![CDATA[Starting test...
Test completed.
]]></system-out>
  </testcase>
  <testcase name="testValidateDetails_SingleRow_NoStockNoNotes_ReturnsError" classname="SalesReservationTest" time="0.014">
    <system-out><![CDATA[Starting test...
Test completed.
]]></system-out>
  </testcase>
  <testcase name="testValidateDetails_SingleRow_NoStockWithNotes_ReturnsSuccess" classname="SalesReservationTest" time="0.01">
    <system-out><![CDATA[Starting test...
Test completed.
]]></system-out>
  </testcase>
  <testcase name="testValidateDetails_SingleRow_WithStock_ReturnsSuccess" classname="SalesReservationTest" time="0.012">
    <system-out><![CDATA[Starting test...
Test completed.
]]></system-out>
  </testcase>
  <testcase name="testValidateDetails_MultipleRows_AllZeroQuantity_ReturnsError" classname="SalesReservationTest" time="0.015">
    <system-out><![CDATA[Starting test...
Test completed.
]]></system-out>
  </testcase>
  <testcase name="testValidateDetails_MultipleRows_AtLeastOnePositiveQuantity_ReturnsSuccess" classname="SalesReservationTest" time="0.011">
    <system-out><![CDATA[Starting test...
Test completed.
]]></system-out>
  </testcase>
  <testcase name="testAddDetail_LastRowHasEmptyStock_ReturnsError" classname="SalesReservationTest" time="0.012">
    <system-out><![CDATA[Starting test...
Test completed.
]]></system-out>
  </testcase>
  <testcase name="testAddDetail_LastRowHasStock_Succeeds" classname="SalesReservationTest" time="0.011">
    <system-out><![CDATA[Starting test...
Test completed.
]]></system-out>
  </testcase>
  <testcase name="testComputeStockSummaries_NetsReversedAgainstNonReversed" classname="SalesReservationTest" time="0.028">
    <system-out><![CDATA[Starting test...
Test completed.
]]></system-out>
  </testcase>
  <testcase name="testCheckExistingTrans_NullOrEmptyParams_ReturnsSuccessImmediately" classname="SalesReservationTest" time="0.01">
    <system-out><![CDATA[Starting test...
Test completed.
]]></system-out>
  </testcase>
  <testcase name="testgetUnifiedSource" classname="SalesReservationTest" time="0.018">
    <system-out><![CDATA[Starting test...
MASTER : 01 
Executing SQL: SELECT * FROM (SELECT  a.sTransNox,  a.dTransact,  'Inquiry' AS source,  a.sIndstCdx AS Industry,  a.sCompnyID AS Company,  a.sCategrCd AS Category  FROM Sales_Inquiry_Master a  WHERE a.cTranStat = '1'  AND a.cProcessd = '0'  AND a.sIndstCdx = ''  AND a.sCompnyID = '' AND a.sCategrCd = '' AND a.sClientID LIKE '%' UNION ALL SELECT  b.sTransNox,  b.dTransact,  'Quotation' AS source,  b.sIndstCdx AS Industry,  b.sCompnyID AS Company,  b.sCategrCd AS Category  FROM Sales_Quotation_Master b  WHERE b.cTranStat = '1'  AND b.sIndstCdx = '01'  AND b.sCompnyID = '' AND b.sCategrCd = '' AND b.sClientID LIKE '%') AS CombinedResults ORDER BY dTransact ASC
Test completed.
]]></system-out>
    <system-err><![CDATA[No records found.
]]></system-err>
  </testcase>
  <testcase name="testgetUser" classname="SalesReservationTest" time="0.016">
    <system-out><![CDATA[Starting test...
SQL  SELECT b.sCompnyNm from xxxSysUser a  LEFT JOIN Client_Master b ON b.sClientID = a.sEmployNo  WHERE  a.sUserIDxx =  'M001250015'
Test completed.
]]></system-out>
  </testcase>
  <testcase name="testaddSourceToSalesRsvDetail" classname="SalesReservationTest" time="0.025">
    <system-out><![CDATA[Starting test...
sTransNox - GK0126000003
nEntryNox - 1
nPriority - 1
sCategrCd - 
sStockIDx - 
sModelIDx - GCO126010
sColorIDx - M0W1001
sVrntIDxx - 00004
nSelPrice - 0.0000
dModified - 2026-09-07 10:53:09.0
poPurchasingController no:GK0126000006
poPurchasingController no:GK0126000003
user ID M001250015
Test completed.
]]></system-out>
  </testcase>
  <testcase name="testSearchClient" classname="SalesReservationTest" time="0.026">
    <system-out><![CDATA[Starting test...
Test completed.
]]></system-out>
  </testcase>
  <testcase name="testSearchTransaction" classname="SalesReservationTest" time="0.014">
    <system-out><![CDATA[Starting test...
SQL EXECUTED: SELECT  a.sTransNox,  a.dTransact,  c.sBranchNm,  a.sClientID,  d.sCompnyNm  FROM Sales_Reservation_Master a  LEFT JOIN Branch c ON LEFT(a.sTransNox, 4) = c.sBranchCd  LEFT JOIN Client_Master d ON a.sClientID = d.sClientID  LEFT JOIN Client_Address e ON d.sClientID = e.sClientID  LEFT JOIN Client_Mobile f ON d.sClientID = f.sClientID , Sales_Reservation_Detail b  WHERE a.sIndstCdx = '01' AND  a.sCompnyID = '0002' AND  a.sCategrCd LIKE '%0000007' AND a.sClientID = '' AND a.cTranStat = '0' AND a.sBranchCd LIKE 'GK01' GROUP BY a.sTransNox
Test completed.
]]></system-out>
  </testcase>
  <testcase name="testSearchTransactionByFilter" classname="SalesReservationTest" time="0.016">
    <system-out><![CDATA[Starting test...
SQL EXECUTED: SELECT  a.sTransNox,  a.dTransact,  c.sBranchNm,  a.sClientID,  d.sCompnyNm  FROM Sales_Reservation_Master a  LEFT JOIN Branch c ON LEFT(a.sTransNox, 4) = c.sBranchCd  LEFT JOIN Client_Master d ON a.sClientID = d.sClientID  LEFT JOIN Client_Address e ON d.sClientID = e.sClientID  LEFT JOIN Client_Mobile f ON d.sClientID = f.sClientID , Sales_Reservation_Detail b  WHERE a.sIndstCdx = '01' AND  a.sCompnyID = '0002' AND  a.sCategrCd LIKE '%0000007' AND a.sTransNox = 'GK0126000003' AND a.cTranStat = '0' AND a.sBranchCd LIKE 'GK01' GROUP BY a.sTransNox
Test completed.
]]></system-out>
  </testcase>
  <testcase name="testSearchDescription" classname="SalesReservationTest" time="0.036">
    <system-out><![CDATA[Starting test...
Test completed.
]]></system-out>
  </testcase>
  <testcase name="testSearchModel" classname="SalesReservationTest" time="0.016">
    <system-out><![CDATA[Starting test...
Test completed.
]]></system-out>
  </testcase>
  <testcase name="testSearchInventory" classname="SalesReservationTest" time="0.015">
    <system-out><![CDATA[Starting test...
Test completed.
]]></system-out>
  </testcase>
  <testcase name="testSearchBrand" classname="SalesReservationTest" time="0.02">
    <system-out><![CDATA[Starting test...
Test completed.
]]></system-out>
  </testcase>
  <testcase name="testSearchBranch" classname="SalesReservationTest" time="0.015">
    <system-out><![CDATA[Starting test...
Test completed.
]]></system-out>
  </testcase>
  <testcase name="testRtrieveMasterList" classname="SalesReservationTest" time="0.024">
    <system-out><![CDATA[Starting test...
Executing SQL: SELECT  a.sTransNox,  a.dTransact,  c.sBranchNm,  a.sClientID,  d.sCompnyNm  FROM Sales_Reservation_Master a  LEFT JOIN Branch c ON LEFT(a.sTransNox, 4) = c.sBranchCd  LEFT JOIN Client_Master d ON a.sClientID = d.sClientID  LEFT JOIN Client_Address e ON d.sClientID = e.sClientID  LEFT JOIN Client_Mobile f ON d.sClientID = f.sClientID , Sales_Reservation_Detail b  WHERE a.sIndstCdx = '01' AND  a.sCategrCd = '0000007' AND  a.sClientID LIKE '%Inquiry' AND  a.sTransNox  LIKE '%GK0126000003' AND  a.sBranchCd = 'GK01' AND (a.sIndstCdx = '01' AND  a.sCategrCd = '0000007' AND  a.sClientID LIKE '%Inquiry' AND  a.sTransNox  LIKE '%GK0126000003' AND  a.sBranchCd = 'GK01') AND a.cTranStat IN ('0', '1') GROUP BY  a.sTransNox ORDER BY dTransact ASC
Records found: 0
poPurchasingController no:GK0126000006
poPurchasingController no:
user ID M001250015
Test completed.
]]></system-out>
  </testcase>
  <testcase name="testSearchBarcode" classname="SalesReservationTest" time="0.021">
    <system-out><![CDATA[Starting test...
Test completed.
]]></system-out>
  </testcase>
  <testcase name="testOpenTransaction_Succeeds" classname="SalesReservationTest" time="0.017">
    <system-out><![CDATA[Starting test...
sTransNox - GK0126000003
nEntryNox - 1
sStockIDx - 
nQuantity - 1.0000
nUnitPrce - 0.0000
nMinDownx - 0.0000
cClassify - F
nApproved - 0.0000
nIssuedxx - 0.0000
nCancelld - 0.0000
sNotesxxx - Click 125 Limited, Edition, Red
cReversed - +
dModified - 2026-09-07 11:42:05.0
Test completed.
]]></system-out>
  </testcase>
  <testcase name="testUpdateTransaction_Succeeds" classname="SalesReservationTest" time="0.038">
    <system-out><![CDATA[Starting test...
sTransNox - GK0126000003
nEntryNox - 1
sStockIDx - 
nQuantity - 1.0000
nUnitPrce - 0.0000
nMinDownx - 0.0000
cClassify - F
nApproved - 0.0000
nIssuedxx - 0.0000
nCancelld - 0.0000
sNotesxxx - Click 125 Limited, Edition, Red
cReversed - +
dModified - 2026-09-07 11:42:05.0
sTransNox	GK0126000003
sIndstCdx	01
sCompnyID	M004
sBranchCd	GK01
sCategrCd	0000003
dTransact	2026-09-07
dExpected	2026-10-07
sClientID	GK0126000041
sAddrssID	GK0126000041
sContctID	null
sReferNox	
sRemarksx	
nTranTotl	0.0000
nAmtPaidx	0.0000
nAppliedx	0.0000
nRefundxx	0.0000
cPreOrder	
sPayLoadx	
sSourceCd	001
sSourceNo	GK0126000003
cPaymType	
nEntryNox	2
sEntryByx	
dEntryDte	null
cProcessd	
cTranStat	0
sModified	null
dModified	2026-09-07 15:57:22.487
sTransNox - GK0126000003
nEntryNox - 1
sStockIDx - 
nQuantity - 1.0000
nUnitPrce - 0.0000
nMinDownx - 0.0000
cClassify - F
nApproved - 0.0000
nIssuedxx - 0.0000
nCancelld - 0.0000
sNotesxxx - Click 125 Limited, Edition, Red
cReversed - +
dModified - 2026-09-07 11:42:05.0
sTransNox	GK0126000003
nEntryNox	1
sStockIDx	M00125000004
nQuantity	1.0
nUnitPrce	10000.0
nMinDownx	1000.0
cClassify	F
nApproved	0.0
nIssuedxx	0.0000
nCancelld	0.0000
sNotesxxx	sam
cReversed	+
dModified	2026-09-07 15:57:22.487
Transaction saved successfully.
Test completed.
]]></system-out>
    <system-err><![CDATA[Model_Sales_Reservation_Detail : setValue»Invalid column index :0
]]></system-err>
  </testcase>
  <testcase name="testVoidTransaction_Succeeds" classname="SalesReservationTest" time="0.029">
    <system-out><![CDATA[Starting test...
sTransNox - GK0126000003
nEntryNox - 1
sStockIDx - M00125000004
nQuantity - 1.0000
nUnitPrce - 10000.0000
nMinDownx - 1000.0000
cClassify - F
nApproved - 0.0000
nIssuedxx - 0.0000
nCancelld - 0.0000
sNotesxxx - sam
cReversed - +
dModified - 2026-09-07 15:57:22.0
sTransNox - GK0126000003
nEntryNox - 2
sStockIDx - 
nQuantity - 0.0000
nUnitPrce - 0.0000
nMinDownx - 0.0000
cClassify - F
nApproved - 0.0000
nIssuedxx - 0.0000
nCancelld - 0.0000
sNotesxxx - 
cReversed - +
dModified - 2026-09-07 15:57:22.0
sTransNox	GK0126000003
sIndstCdx	01
sCompnyID	M004
sBranchCd	GK01
sCategrCd	0000003
dTransact	2026-09-07
sClientID	GK0126000041
sAddrssID	GK0126000041
sContctID	null
dTargetxx	2026-10-07
dFollowUp	null
cPurcType	0
sRemarksx	test
sSourceCd	001
sSourceNo	
sSalesman	M04711000708
sAgentIDx	GCO126000008
nEntryNox	1
cConditnx	0
cProcessd	1
cInqrStat	0
cTranStat	0
sModified	null
dModified	2026-09-07 10:53:50.0
Test completed.
]]></system-out>
  </testcase>
  <testcase name="testVoidTransaction_AlreadyVoided_ReturnsError" classname="SalesReservationTest" time="0.012">
    <system-out><![CDATA[Starting test...
sTransNox - GK0126000003
nEntryNox - 1
sStockIDx - M00125000004
nQuantity - 1.0000
nUnitPrce - 10000.0000
nMinDownx - 1000.0000
cClassify - F
nApproved - 0.0000
nIssuedxx - 0.0000
nCancelld - 0.0000
sNotesxxx - sam
cReversed - +
dModified - 2026-09-07 15:57:22.0
sTransNox - GK0126000003
nEntryNox - 2
sStockIDx - 
nQuantity - 0.0000
nUnitPrce - 0.0000
nMinDownx - 0.0000
cClassify - F
nApproved - 0.0000
nIssuedxx - 0.0000
nCancelld - 0.0000
sNotesxxx - 
cReversed - +
dModified - 2026-09-07 15:57:22.0
Test completed.
]]></system-out>
  </testcase>
  <testcase name="testConfirmTransaction_Succeeds" classname="SalesReservationTest" time="0.016">
    <system-out><![CDATA[Starting test...
sTransNox - GK0126000003
nEntryNox - 1
sStockIDx - M00125000004
nQuantity - 1.0000
nUnitPrce - 10000.0000
nMinDownx - 1000.0000
cClassify - F
nApproved - 0.0000
nIssuedxx - 0.0000
nCancelld - 0.0000
sNotesxxx - sam
cReversed - +
dModified - 2026-09-07 15:57:22.0
sTransNox - GK0126000003
nEntryNox - 2
sStockIDx - 
nQuantity - 0.0000
nUnitPrce - 0.0000
nMinDownx - 0.0000
cClassify - F
nApproved - 0.0000
nIssuedxx - 0.0000
nCancelld - 0.0000
sNotesxxx - 
cReversed - +
dModified - 2026-09-07 15:57:22.0
EXECUTING SQL :  SELECT sTransNox FROM Sales_Reservation_Master WHERE sBranchCd = 'GK01' AND sSourceNo = 'GK0126000003' AND sSourceCd = '001' AND cTranStat = '1' ORDER BY sTransNox DESC LIMIT 1
VALUE OF Lors : HikariProxyResultSet@320452793 wrapping rs3573: org.h2.result.LocalResult@24b83648 columns: 1 rows: 0 pos: -1
Test completed.
]]></system-out>
  </testcase>
  <testcase name="testConfirmTransaction_AlreadyConfirmed_ReturnsError" classname="SalesReservationTest" time="0.012">
    <system-out><![CDATA[Starting test...
sTransNox - GK0126000003
nEntryNox - 1
sStockIDx - M00125000004
nQuantity - 1.0000
nUnitPrce - 10000.0000
nMinDownx - 1000.0000
cClassify - F
nApproved - 0.0000
nIssuedxx - 0.0000
nCancelld - 0.0000
sNotesxxx - sam
cReversed - +
dModified - 2026-09-07 15:57:22.0
sTransNox - GK0126000003
nEntryNox - 2
sStockIDx - 
nQuantity - 0.0000
nUnitPrce - 0.0000
nMinDownx - 0.0000
cClassify - F
nApproved - 0.0000
nIssuedxx - 0.0000
nCancelld - 0.0000
sNotesxxx - 
cReversed - +
dModified - 2026-09-07 15:57:22.0
Test completed.
]]></system-out>
  </testcase>
  <testcase name="testGetReservationList_PopulatesSalesReservationCount" classname="SalesReservationTest" time="0.008">
    <system-out><![CDATA[Starting test...
Executing SQL: SELECT  a.sTransNox,  a.dTransact,  c.sBranchNm,  a.sClientID,  d.sCompnyNm  FROM Sales_Reservation_Master a  LEFT JOIN Branch c ON LEFT(a.sTransNox, 4) = c.sBranchCd  LEFT JOIN Client_Master d ON a.sClientID = d.sClientID  LEFT JOIN Client_Address e ON d.sClientID = e.sClientID  LEFT JOIN Client_Mobile f ON d.sClientID = f.sClientID , Sales_Reservation_Detail b  WHERE a.sIndstCdx = '' AND  a.sCategrCd = '0000007' AND  a.sClientID LIKE '%' AND  a.sTransNox  LIKE '%' AND  a.sBranchCd = 'GK01' AND (a.sIndstCdx = '' AND  a.sCategrCd = '0000007' AND  a.sClientID LIKE '%' AND  a.sTransNox  LIKE '%' AND  a.sBranchCd = 'GK01') AND a.cTranStat = '0' GROUP BY  a.sTransNox ORDER BY dTransact ASC
Records found: 0
Test completed.
]]></system-out>
  </testcase>
</testsuite>