<?xml version="1.0" encoding="UTF-8"?>
<testsuite xmlns:xsi="http://www.w3.org/2001/XMLSchema-instance" xsi:noNamespaceSchemaLocation="https://maven.apache.org/surefire/maven-surefire-plugin/xsd/surefire-test-report-3.0.xsd" version="3.0" name="CustomerInquiryFollowUpTest" time="3.018" tests="33" errors="0" skipped="0" failures="0">
  <properties>
[...]
</properties>
  <testcase name="prepareValidModel" classname="CustomerInquiryFollowUpTest" time="0.024">
    <system-out><![CDATA[sys.default.path.config = null
Creating core's primary schema...
Populating core's primary schema...
]]></system-out>
    <system-err><![CDATA[SLF4J: Failed to load class "org.slf4j.impl.StaticLoggerBinder".
SLF4J: Defaulting to no-operation (NOP) logger implementation
SLF4J: See http://www.slf4j.org/codes.html#StaticLoggerBinder for further details.
]]></system-err>
  </testcase>
  <testcase name="test01_isEntryOkay_allValidationBranches" classname="CustomerInquiryFollowUpTest" time="0.021"/>
  <testcase name="test01_modelGetterSetter" classname="CustomerInquiryFollowUpTest" time="0.005"/>
  <testcase name="test02_isEntryOkay_allValidations" classname="CustomerInquiryFollowUpTest" time="1.135">
    <system-out><![CDATA[File copied successfully!
Executing SQL: SELECT sTransNox, sSourceCd, sSourceNo, sDocuType, sDescript, sScanndID, sFileName, sMD5Hashx, sImagePth, dEntryDte, sEntryByx, cRecdStat, cSendStat, sModified, dModified FROM Transaction_Attachment WHERE  sFileName = 'test.png'
Uploading... : fsOriginalFileName : test.png
New File Name... : test.png
Upload Success : test.png
saveRecord hit known DATE/DATETIME schema mismatch: Cannot parse "TIME" constant "1970-01-01 10:00:00"; SQL statement:
INSERT INTO Customer_Inquiry_FollowUp( sTransNox, dTransact, sSourceCD, sSourceNo, sMessagex, sRemarksx, sMethodCd, sSclMedia, dFollowUp, tFollowUp, sGdsCmptr, sMkeCmptr, sDlrCmptr, sRspnseCd, sClientID, cRecdStat, sEntryByx, dEntryDte) VALUES ( 'GK0126000001', '2026-09-07', 'SInq', 'GCO126000016', 'Discussed pricing and availability.', 'Customer requested a callback.', 'CAL', '', '2026-09-07', '1970-01-01 10:00:00', '', '', '', 'LOS', 'M04711000708', '1', '34CC84B63A5646D4D7AB05A42A165B74', '2026-09-07 15:57:20') [22007-214]
]]></system-out>
  </testcase>
  <testcase name="test02_isEntryOkay_missingTransactionNo" classname="CustomerInquiryFollowUpTest" time="0.005"/>
  <testcase name="test03_isEntryOkay_missingSourceCode" classname="CustomerInquiryFollowUpTest" time="0.005"/>
  <testcase name="test04_isEntryOkay_missingSourceNo" classname="CustomerInquiryFollowUpTest" time="0.005"/>
  <testcase name="test04_openTransactionAndLoadAttachments" classname="CustomerInquiryFollowUpTest" time="0.029">
    <system-out><![CDATA[openRecord result: {"result":"success","message":"Record loaded successfully."}
loadAttachments result: {}
]]></system-out>
  </testcase>
  <testcase name="test05_isEntryOkay_missingRemarks" classname="CustomerInquiryFollowUpTest" time="0.005"/>
  <testcase name="test05_updateTransaction" classname="CustomerInquiryFollowUpTest" time="0.014">
    <system-out><![CDATA[isEntryOkay after update: {"result":"success"}
]]></system-out>
  </testcase>
  <testcase name="test06_isEntryOkay_missingMessage" classname="CustomerInquiryFollowUpTest" time="0.013"/>
  <testcase name="test06_searchRecordByCodeAndByName" classname="CustomerInquiryFollowUpTest" time="0.023">
    <system-out><![CDATA[Executing SQL: SELECT sTransNox, dTransact, sSourceCD, sSourceNo, sMessagex, sRemarksx, sMethodCd, sSclMedia, dFollowUp, tFollowUp, sGdsCmptr, sMkeCmptr, sDlrCmptr, sRspnseCd, sClientID, cRecdStat, sEntryByx, dEntryDte FROM Customer_Inquiry_FollowUp WHERE cRecdStat = '1' AND ( a.cRecdStat = '1')
searchRecord byCode: {"result":"error","message":"No record to load."}
Executing SQL: SELECT sTransNox, dTransact, sSourceCD, sSourceNo, sMessagex, sRemarksx, sMethodCd, sSclMedia, dFollowUp, tFollowUp, sGdsCmptr, sMkeCmptr, sDlrCmptr, sRspnseCd, sClientID, cRecdStat, sEntryByx, dEntryDte FROM Customer_Inquiry_FollowUp WHERE cRecdStat = '1' AND ( a.cRecdStat = '1')
searchRecord byName: {"result":"error","message":"No record to load."}
]]></system-out>
    <system-err><![CDATA[org.h2.jdbc.JdbcSQLSyntaxErrorException: Column "A.CRECDSTAT" not found; SQL statement:
SELECT sTransNox, dTransact, sSourceCD, sSourceNo, sMessagex, sRemarksx, sMethodCd, sSclMedia, dFollowUp, tFollowUp, sGdsCmptr, sMkeCmptr, sDlrCmptr, sRspnseCd, sClientID, cRecdStat, sEntryByx, dEntryDte FROM Customer_Inquiry_FollowUp WHERE cRecdStat = '1' AND ( a.cRecdStat = '1') AND (a.sEmployID = 'M04711000708') [42122-214]
	at org.h2.message.DbException.getJdbcSQLException(DbException.java:502)
	at org.h2.message.DbException.getJdbcSQLException(DbException.java:477)
	at org.h2.message.DbException.get(DbException.java:223)
	at org.h2.message.DbException.get(DbException.java:199)
	at org.h2.expression.ExpressionColumn.getColumnException(ExpressionColumn.java:244)
	at org.h2.expression.ExpressionColumn.optimizeOther(ExpressionColumn.java:226)
	at org.h2.expression.ExpressionColumn.optimize(ExpressionColumn.java:213)
	at org.h2.expression.condition.Comparison.optimize(Comparison.java:139)
	at org.h2.expression.condition.ConditionAndOr.optimize(ConditionAndOr.java:137)
	at org.h2.expression.condition.ConditionAndOr.optimize(ConditionAndOr.java:136)
	at org.h2.expression.Expression.optimizeCondition(Expression.java:148)
	at org.h2.command.query.Select.prepareExpressions(Select.java:1177)
	at org.h2.command.query.Query.prepare(Query.java:218)
	at org.h2.command.Parser.prepareCommand(Parser.java:575)
	at org.h2.engine.SessionLocal.prepareLocal(SessionLocal.java:631)
	at org.h2.engine.SessionLocal.prepareCommand(SessionLocal.java:554)
	at org.h2.jdbc.JdbcConnection.prepareCommand(JdbcConnection.java:1116)
	at org.h2.jdbc.JdbcStatement.executeQuery(JdbcStatement.java:92)
	at com.zaxxer.hikari.pool.ProxyStatement.executeQuery(ProxyStatement.java:110)
	at com.zaxxer.hikari.pool.HikariProxyStatement.executeQuery(HikariProxyStatement.java)
	at org.guanzon.appdriver.base.GConnectionCAS.executeQuery(GConnectionCAS.java:262)
	at org.guanzon.appdriver.base.GRiderCAS.executeQuery(GRiderCAS.java:764)
	at org.guanzon.appdriver.agent.ShowDialogFX.Browse(ShowDialogFX.java:121)
	at ph.com.guanzongroup.cas.sales.CustomerInquiryFollowUp.searchRecord(CustomerInquiryFollowUp.java:699)
	at CustomerInquiryFollowUpTest.test06_searchRecordByCodeAndByName(CustomerInquiryFollowUpTest.java:590)
	at sun.reflect.NativeMethodAccessorImpl.invoke0(Native Method)
	at sun.reflect.NativeMethodAccessorImpl.invoke(NativeMethodAccessorImpl.java:62)
	at sun.reflect.DelegatingMethodAccessorImpl.invoke(DelegatingMethodAccessorImpl.java:43)
	at java.lang.reflect.Method.invoke(Method.java:498)
	at org.junit.platform.commons.util.ReflectionUtils.invokeMethod(ReflectionUtils.java:728)
	at org.junit.jupiter.engine.execution.MethodInvocation.proceed(MethodInvocation.java:60)
	at org.junit.jupiter.engine.execution.InvocationInterceptorChain$ValidatingInvocation.proceed(InvocationInterceptorChain.java:131)
	at org.junit.jupiter.engine.extension.TimeoutExtension.intercept(TimeoutExtension.java:156)
	at org.junit.jupiter.engine.extension.TimeoutExtension.interceptTestableMethod(TimeoutExtension.java:147)
	at org.junit.jupiter.engine.extension.TimeoutExtension.interceptTestMethod(TimeoutExtension.java:86)
	at org.junit.jupiter.engine.execution.InterceptingExecutableInvoker$ReflectiveInterceptorCall.lambda$ofVoidMethod$0(InterceptingExecutableInvoker.java:103)
	at org.junit.jupiter.engine.execution.InterceptingExecutableInvoker.lambda$invoke$0(InterceptingExecutableInvoker.java:93)
	at org.junit.jupiter.engine.execution.InvocationInterceptorChain$InterceptedInvocation.proceed(InvocationInterceptorChain.java:106)
	at org.junit.jupiter.engine.execution.InvocationInterceptorChain.proceed(InvocationInterceptorChain.java:64)
	at org.junit.jupiter.engine.execution.InvocationInterceptorChain.chainAndInvoke(InvocationInterceptorChain.java:45)
	at org.junit.jupiter.engine.execution.InvocationInterceptorChain.invoke(InvocationInterceptorChain.java:37)
	at org.junit.jupiter.engine.execution.InterceptingExecutableInvoker.invoke(InterceptingExecutableInvoker.java:92)
	at org.junit.jupiter.engine.execution.InterceptingExecutableInvoker.invoke(InterceptingExecutableInvoker.java:86)
	at org.junit.jupiter.engine.descriptor.TestMethodTestDescriptor.lambda$invokeTestMethod$7(TestMethodTestDescriptor.java:218)
	at org.junit.platform.engine.support.hierarchical.ThrowableCollector.execute(ThrowableCollector.java:73)
	at org.junit.jupiter.engine.descriptor.TestMethodTestDescriptor.invokeTestMethod(TestMethodTestDescriptor.java:214)
	at org.junit.jupiter.engine.descriptor.TestMethodTestDescriptor.execute(TestMethodTestDescriptor.java:139)
	at org.junit.jupiter.engine.descriptor.TestMethodTestDescriptor.execute(TestMethodTestDescriptor.java:69)
	at org.junit.platform.engine.support.hierarchical.NodeTestTask.lambda$executeRecursively$6(NodeTestTask.java:151)
	at org.junit.platform.engine.support.hierarchical.ThrowableCollector.execute(ThrowableCollector.java:73)
	at org.junit.platform.engine.support.hierarchical.NodeTestTask.lambda$executeRecursively$8(NodeTestTask.java:141)
	at org.junit.platform.engine.support.hierarchical.Node.around(Node.java:137)
	at org.junit.platform.engine.support.hierarchical.NodeTestTask.lambda$executeRecursively$9(NodeTestTask.java:139)
	at org.junit.platform.engine.support.hierarchical.ThrowableCollector.execute(ThrowableCollector.java:73)
	at org.junit.platform.engine.support.hierarchical.NodeTestTask.executeRecursively(NodeTestTask.java:138)
	at org.junit.platform.engine.support.hierarchical.NodeTestTask.execute(NodeTestTask.java:95)
	at java.util.ArrayList.forEach(ArrayList.java:1259)
	at org.junit.platform.engine.support.hierarchical.SameThreadHierarchicalTestExecutorService.invokeAll(SameThreadHierarchicalTestExecutorService.java:41)
	at org.junit.platform.engine.support.hierarchical.NodeTestTask.lambda$executeRecursively$6(NodeTestTask.java:155)
	at org.junit.platform.engine.support.hierarchical.ThrowableCollector.execute(ThrowableCollector.java:73)
	at org.junit.platform.engine.support.hierarchical.NodeTestTask.lambda$executeRecursively$8(NodeTestTask.java:141)
	at org.junit.platform.engine.support.hierarchical.Node.around(Node.java:137)
	at org.junit.platform.engine.support.hierarchical.NodeTestTask.lambda$executeRecursively$9(NodeTestTask.java:139)
	at org.junit.platform.engine.support.hierarchical.ThrowableCollector.execute(ThrowableCollector.java:73)
	at org.junit.platform.engine.support.hierarchical.NodeTestTask.executeRecursively(NodeTestTask.java:138)
	at org.junit.platform.engine.support.hierarchical.NodeTestTask.execute(NodeTestTask.java:95)
	at java.util.ArrayList.forEach(ArrayList.java:1259)
	at org.junit.platform.engine.support.hierarchical.SameThreadHierarchicalTestExecutorService.invokeAll(SameThreadHierarchicalTestExecutorService.java:41)
	at org.junit.platform.engine.support.hierarchical.NodeTestTask.lambda$executeRecursively$6(NodeTestTask.java:155)
	at org.junit.platform.engine.support.hierarchical.ThrowableCollector.execute(ThrowableCollector.java:73)
	at org.junit.platform.engine.support.hierarchical.NodeTestTask.lambda$executeRecursively$8(NodeTestTask.java:141)
	at org.junit.platform.engine.support.hierarchical.Node.around(Node.java:137)
	at org.junit.platform.engine.support.hierarchical.NodeTestTask.lambda$executeRecursively$9(NodeTestTask.java:139)
	at org.junit.platform.engine.support.hierarchical.ThrowableCollector.execute(ThrowableCollector.java:73)
	at org.junit.platform.engine.support.hierarchical.NodeTestTask.executeRecursively(NodeTestTask.java:138)
	at org.junit.platform.engine.support.hierarchical.NodeTestTask.execute(NodeTestTask.java:95)
	at org.junit.platform.engine.support.hierarchical.SameThreadHierarchicalTestExecutorService.submit(SameThreadHierarchicalTestExecutorService.java:35)
	at org.junit.platform.engine.support.hierarchical.HierarchicalTestExecutor.execute(HierarchicalTestExecutor.java:57)
	at org.junit.platform.engine.support.hierarchical.HierarchicalTestEngine.execute(HierarchicalTestEngine.java:54)
	at org.junit.platform.launcher.core.EngineExecutionOrchestrator.execute(EngineExecutionOrchestrator.java:198)
	at org.junit.platform.launcher.core.EngineExecutionOrchestrator.execute(EngineExecutionOrchestrator.java:169)
	at org.junit.platform.launcher.core.EngineExecutionOrchestrator.execute(EngineExecutionOrchestrator.java:93)
	at org.junit.platform.launcher.core.EngineExecutionOrchestrator.lambda$execute$0(EngineExecutionOrchestrator.java:58)
	at org.junit.platform.launcher.core.EngineExecutionOrchestrator.withInterceptedStreams(EngineExecutionOrchestrator.java:141)
	at org.junit.platform.launcher.core.EngineExecutionOrchestrator.execute(EngineExecutionOrchestrator.java:57)
	at org.junit.platform.launcher.core.DefaultLauncher.execute(DefaultLauncher.java:103)
	at org.junit.platform.launcher.core.DefaultLauncher.execute(DefaultLauncher.java:85)
	at org.junit.platform.launcher.core.DelegatingLauncher.execute(DelegatingLauncher.java:47)
	at org.apache.maven.surefire.junitplatform.LazyLauncher.execute(LazyLauncher.java:56)
	at org.apache.maven.surefire.junitplatform.JUnitPlatformProvider.execute(JUnitPlatformProvider.java:184)
	at org.apache.maven.surefire.junitplatform.JUnitPlatformProvider.invokeAllTests(JUnitPlatformProvider.java:148)
	at org.apache.maven.surefire.junitplatform.JUnitPlatformProvider.invoke(JUnitPlatformProvider.java:122)
	at org.apache.maven.surefire.booter.ForkedBooter.runSuitesInProcess(ForkedBooter.java:385)
	at org.apache.maven.surefire.booter.ForkedBooter.execute(ForkedBooter.java:162)
	at org.apache.maven.surefire.booter.ForkedBooter.run(ForkedBooter.java:507)
	at org.apache.maven.surefire.booter.ForkedBooter.main(ForkedBooter.java:495)
org.h2.jdbc.JdbcSQLSyntaxErrorException: Column "A.CRECDSTAT" not found; SQL statement:
SELECT sTransNox, dTransact, sSourceCD, sSourceNo, sMessagex, sRemarksx, sMethodCd, sSclMedia, dFollowUp, tFollowUp, sGdsCmptr, sMkeCmptr, sDlrCmptr, sRspnseCd, sClientID, cRecdStat, sEntryByx, dEntryDte FROM Customer_Inquiry_FollowUp WHERE cRecdStat = '1' AND ( a.cRecdStat = '1') AND (concat(a.sLastName,', ',a.sFrstName, ' ',a.sMiddName) = '') [42122-214]
	at org.h2.message.DbException.getJdbcSQLException(DbException.java:502)
	at org.h2.message.DbException.getJdbcSQLException(DbException.java:477)
	at org.h2.message.DbException.get(DbException.java:223)
	at org.h2.message.DbException.get(DbException.java:199)
	at org.h2.expression.ExpressionColumn.getColumnException(ExpressionColumn.java:244)
	at org.h2.expression.ExpressionColumn.optimizeOther(ExpressionColumn.java:226)
	at org.h2.expression.ExpressionColumn.optimize(ExpressionColumn.java:213)
	at org.h2.expression.condition.Comparison.optimize(Comparison.java:139)
	at org.h2.expression.condition.ConditionAndOr.optimize(ConditionAndOr.java:137)
	at org.h2.expression.condition.ConditionAndOr.optimize(ConditionAndOr.java:136)
	at org.h2.expression.Expression.optimizeCondition(Expression.java:148)
	at org.h2.command.query.Select.prepareExpressions(Select.java:1177)
	at org.h2.command.query.Query.prepare(Query.java:218)
	at org.h2.command.Parser.prepareCommand(Parser.java:575)
	at org.h2.engine.SessionLocal.prepareLocal(SessionLocal.java:631)
	at org.h2.engine.SessionLocal.prepareCommand(SessionLocal.java:554)
	at org.h2.jdbc.JdbcConnection.prepareCommand(JdbcConnection.java:1116)
	at org.h2.jdbc.JdbcStatement.executeQuery(JdbcStatement.java:92)
	at com.zaxxer.hikari.pool.ProxyStatement.executeQuery(ProxyStatement.java:110)
	at com.zaxxer.hikari.pool.HikariProxyStatement.executeQuery(HikariProxyStatement.java)
	at org.guanzon.appdriver.base.GConnectionCAS.executeQuery(GConnectionCAS.java:262)
	at org.guanzon.appdriver.base.GRiderCAS.executeQuery(GRiderCAS.java:764)
	at org.guanzon.appdriver.agent.ShowDialogFX.Browse(ShowDialogFX.java:121)
	at ph.com.guanzongroup.cas.sales.CustomerInquiryFollowUp.searchRecord(CustomerInquiryFollowUp.java:699)
	at CustomerInquiryFollowUpTest.test06_searchRecordByCodeAndByName(CustomerInquiryFollowUpTest.java:593)
	at sun.reflect.NativeMethodAccessorImpl.invoke0(Native Method)
	at sun.reflect.NativeMethodAccessorImpl.invoke(NativeMethodAccessorImpl.java:62)
	at sun.reflect.DelegatingMethodAccessorImpl.invoke(DelegatingMethodAccessorImpl.java:43)
	at java.lang.reflect.Method.invoke(Method.java:498)
	at org.junit.platform.commons.util.ReflectionUtils.invokeMethod(ReflectionUtils.java:728)
	at org.junit.jupiter.engine.execution.MethodInvocation.proceed(MethodInvocation.java:60)
	at org.junit.jupiter.engine.execution.InvocationInterceptorChain$ValidatingInvocation.proceed(InvocationInterceptorChain.java:131)
	at org.junit.jupiter.engine.extension.TimeoutExtension.intercept(TimeoutExtension.java:156)
	at org.junit.jupiter.engine.extension.TimeoutExtension.interceptTestableMethod(TimeoutExtension.java:147)
	at org.junit.jupiter.engine.extension.TimeoutExtension.interceptTestMethod(TimeoutExtension.java:86)
	at org.junit.jupiter.engine.execution.InterceptingExecutableInvoker$ReflectiveInterceptorCall.lambda$ofVoidMethod$0(InterceptingExecutableInvoker.java:103)
	at org.junit.jupiter.engine.execution.InterceptingExecutableInvoker.lambda$invoke$0(InterceptingExecutableInvoker.java:93)
	at org.junit.jupiter.engine.execution.InvocationInterceptorChain$InterceptedInvocation.proceed(InvocationInterceptorChain.java:106)
	at org.junit.jupiter.engine.execution.InvocationInterceptorChain.proceed(InvocationInterceptorChain.java:64)
	at org.junit.jupiter.engine.execution.InvocationInterceptorChain.chainAndInvoke(InvocationInterceptorChain.java:45)
	at org.junit.jupiter.engine.execution.InvocationInterceptorChain.invoke(InvocationInterceptorChain.java:37)
	at org.junit.jupiter.engine.execution.InterceptingExecutableInvoker.invoke(InterceptingExecutableInvoker.java:92)
	at org.junit.jupiter.engine.execution.InterceptingExecutableInvoker.invoke(InterceptingExecutableInvoker.java:86)
	at org.junit.jupiter.engine.descriptor.TestMethodTestDescriptor.lambda$invokeTestMethod$7(TestMethodTestDescriptor.java:218)
	at org.junit.platform.engine.support.hierarchical.ThrowableCollector.execute(ThrowableCollector.java:73)
	at org.junit.jupiter.engine.descriptor.TestMethodTestDescriptor.invokeTestMethod(TestMethodTestDescriptor.java:214)
	at org.junit.jupiter.engine.descriptor.TestMethodTestDescriptor.execute(TestMethodTestDescriptor.java:139)
	at org.junit.jupiter.engine.descriptor.TestMethodTestDescriptor.execute(TestMethodTestDescriptor.java:69)
	at org.junit.platform.engine.support.hierarchical.NodeTestTask.lambda$executeRecursively$6(NodeTestTask.java:151)
	at org.junit.platform.engine.support.hierarchical.ThrowableCollector.execute(ThrowableCollector.java:73)
	at org.junit.platform.engine.support.hierarchical.NodeTestTask.lambda$executeRecursively$8(NodeTestTask.java:141)
	at org.junit.platform.engine.support.hierarchical.Node.around(Node.java:137)
	at org.junit.platform.engine.support.hierarchical.NodeTestTask.lambda$executeRecursively$9(NodeTestTask.java:139)
	at org.junit.platform.engine.support.hierarchical.ThrowableCollector.execute(ThrowableCollector.java:73)
	at org.junit.platform.engine.support.hierarchical.NodeTestTask.executeRecursively(NodeTestTask.java:138)
	at org.junit.platform.engine.support.hierarchical.NodeTestTask.execute(NodeTestTask.java:95)
	at java.util.ArrayList.forEach(ArrayList.java:1259)
	at org.junit.platform.engine.support.hierarchical.SameThreadHierarchicalTestExecutorService.invokeAll(SameThreadHierarchicalTestExecutorService.java:41)
	at org.junit.platform.engine.support.hierarchical.NodeTestTask.lambda$executeRecursively$6(NodeTestTask.java:155)
	at org.junit.platform.engine.support.hierarchical.ThrowableCollector.execute(ThrowableCollector.java:73)
	at org.junit.platform.engine.support.hierarchical.NodeTestTask.lambda$executeRecursively$8(NodeTestTask.java:141)
	at org.junit.platform.engine.support.hierarchical.Node.around(Node.java:137)
	at org.junit.platform.engine.support.hierarchical.NodeTestTask.lambda$executeRecursively$9(NodeTestTask.java:139)
	at org.junit.platform.engine.support.hierarchical.ThrowableCollector.execute(ThrowableCollector.java:73)
	at org.junit.platform.engine.support.hierarchical.NodeTestTask.executeRecursively(NodeTestTask.java:138)
	at org.junit.platform.engine.support.hierarchical.NodeTestTask.execute(NodeTestTask.java:95)
	at java.util.ArrayList.forEach(ArrayList.java:1259)
	at org.junit.platform.engine.support.hierarchical.SameThreadHierarchicalTestExecutorService.invokeAll(SameThreadHierarchicalTestExecutorService.java:41)
	at org.junit.platform.engine.support.hierarchical.NodeTestTask.lambda$executeRecursively$6(NodeTestTask.java:155)
	at org.junit.platform.engine.support.hierarchical.ThrowableCollector.execute(ThrowableCollector.java:73)
	at org.junit.platform.engine.support.hierarchical.NodeTestTask.lambda$executeRecursively$8(NodeTestTask.java:141)
	at org.junit.platform.engine.support.hierarchical.Node.around(Node.java:137)
	at org.junit.platform.engine.support.hierarchical.NodeTestTask.lambda$executeRecursively$9(NodeTestTask.java:139)
	at org.junit.platform.engine.support.hierarchical.ThrowableCollector.execute(ThrowableCollector.java:73)
	at org.junit.platform.engine.support.hierarchical.NodeTestTask.executeRecursively(NodeTestTask.java:138)
	at org.junit.platform.engine.support.hierarchical.NodeTestTask.execute(NodeTestTask.java:95)
	at org.junit.platform.engine.support.hierarchical.SameThreadHierarchicalTestExecutorService.submit(SameThreadHierarchicalTestExecutorService.java:35)
	at org.junit.platform.engine.support.hierarchical.HierarchicalTestExecutor.execute(HierarchicalTestExecutor.java:57)
	at org.junit.platform.engine.support.hierarchical.HierarchicalTestEngine.execute(HierarchicalTestEngine.java:54)
	at org.junit.platform.launcher.core.EngineExecutionOrchestrator.execute(EngineExecutionOrchestrator.java:198)
	at org.junit.platform.launcher.core.EngineExecutionOrchestrator.execute(EngineExecutionOrchestrator.java:169)
	at org.junit.platform.launcher.core.EngineExecutionOrchestrator.execute(EngineExecutionOrchestrator.java:93)
	at org.junit.platform.launcher.core.EngineExecutionOrchestrator.lambda$execute$0(EngineExecutionOrchestrator.java:58)
	at org.junit.platform.launcher.core.EngineExecutionOrchestrator.withInterceptedStreams(EngineExecutionOrchestrator.java:141)
	at org.junit.platform.launcher.core.EngineExecutionOrchestrator.execute(EngineExecutionOrchestrator.java:57)
	at org.junit.platform.launcher.core.DefaultLauncher.execute(DefaultLauncher.java:103)
	at org.junit.platform.launcher.core.DefaultLauncher.execute(DefaultLauncher.java:85)
	at org.junit.platform.launcher.core.DelegatingLauncher.execute(DelegatingLauncher.java:47)
	at org.apache.maven.surefire.junitplatform.LazyLauncher.execute(LazyLauncher.java:56)
	at org.apache.maven.surefire.junitplatform.JUnitPlatformProvider.execute(JUnitPlatformProvider.java:184)
	at org.apache.maven.surefire.junitplatform.JUnitPlatformProvider.invokeAllTests(JUnitPlatformProvider.java:148)
	at org.apache.maven.surefire.junitplatform.JUnitPlatformProvider.invoke(JUnitPlatformProvider.java:122)
	at org.apache.maven.surefire.booter.ForkedBooter.runSuitesInProcess(ForkedBooter.java:385)
	at org.apache.maven.surefire.booter.ForkedBooter.execute(ForkedBooter.java:162)
	at org.apache.maven.surefire.booter.ForkedBooter.run(ForkedBooter.java:507)
	at org.apache.maven.surefire.booter.ForkedBooter.main(ForkedBooter.java:495)
]]></system-err>
  </testcase>
  <testcase name="test07_isEntryOkay_missingMethodCode" classname="CustomerInquiryFollowUpTest" time="0.009"/>
  <testcase name="test07_searchSalesPerson_successAndNotFound" classname="CustomerInquiryFollowUpTest" time="0.216">
    <system-out><![CDATA[Executing SQL:  SELECT     a.sEmployID   , a.sBranchCd   , a.sLastName   , a.sFrstName   , a.sMiddName   , a.cRecdStat   , concat(a.sLastName,', ',a.sFrstName, ' ',a.sMiddName) as sFullName  FROM salesman a  WHERE  a.cRecdStat = '1'
SearchSalesPerson: {"result":"error","message":"No record to load."}
Executing SQL:  SELECT     a.sEmployID   , a.sBranchCd   , a.sLastName   , a.sFrstName   , a.sMiddName   , a.cRecdStat   , concat(a.sLastName,', ',a.sFrstName, ' ',a.sMiddName) as sFullName  FROM salesman a  WHERE  a.cRecdStat = '1'
SearchSalesPerson UI path triggered: ExceptionInInitializerError
]]></system-out>
  </testcase>
  <testcase name="test08_filterBySalesPersonAndCustomerName_successAndNotFound" classname="CustomerInquiryFollowUpTest" time="0.011">
    <system-out><![CDATA[Executing SQL:  SELECT     a.sEmployID   , a.sBranchCd   , a.sLastName   , a.sFrstName   , a.sMiddName   , a.cRecdStat   , concat(a.sLastName,', ',a.sFrstName, ' ',a.sMiddName) as sFullName  FROM salesman a  WHERE  a.cRecdStat = '1'
FilterBySalesPerson: {"result":"error","message":"No record to load."}
Executing SQL:  SELECT     a.sEmployID   , a.sBranchCd   , a.sLastName   , a.sFrstName   , a.sMiddName   , a.cRecdStat   , concat(a.sLastName,', ',a.sFrstName, ' ',a.sMiddName) as sFullName  FROM salesman a  WHERE  a.cRecdStat = '1'
FilterBySalesPerson/FilterByCustomerName UI path triggered: NoClassDefFoundError
]]></system-out>
  </testcase>
  <testcase name="test08_isEntryOkay_missingSocialMediaCode" classname="CustomerInquiryFollowUpTest" time="0.007"/>
  <testcase name="test09_retreiveSource_allInquiryTypes" classname="CustomerInquiryFollowUpTest" time="0.031">
    <system-out><![CDATA[Executing SQL:
 SELECT  a.sTransNox,  a.sClientID,  c.sCompnyNm AS CustomerName,  a.sSalesman,  d.sCompnyNm AS SalesPerson,  a.dTransact,  a.cTranStat  FROM Sales_Inquiry_Master a  LEFT JOIN (      SELECT DISTINCT sSourceNo      FROM Customer_Inquiry_FollowUp  ) f ON f.sSourceNo = a.sTransNox  LEFT JOIN Salesman b      ON a.sSalesman = b.sEmployID  LEFT JOIN Client_Master c      ON a.sClientID = c.sClientID  LEFT JOIN Client_Master d      ON b.sEmployID = d.sClientID  WHERE a.dTransact < '2026-09-07' AND f.sSourceNo IS NULL AND a.cTranStat NOT IN ('4','6','3','5') ORDER BY a.dTransact ASC
RetreiveSource[1]: {"result":"success","payload":[{"dTransact":"2026-07-21","sTransNox":"GK0126000001","sClientID":"A00119000126","SalesPerson":null,"cTranStat":"CONFIRMED","CustomerName":"Gutoman, Guillier Agustin","sSalesman":"M00125000372"}],"message":"Record loaded successfully."}
Executing SQL:
 SELECT  a.sTransNox,  a.sClientID,  c.sCompnyNm AS CustomerName,  a.sSalesman,  d.sCompnyNm AS SalesPerson,  a.dTransact,  a.cTranStat  FROM Sales_Inquiry_Master a  INNER JOIN (      SELECT DISTINCT sSourceNo      FROM Customer_Inquiry_FollowUp      WHERE dFollowUp = '2026-09-07' ) f ON f.sSourceNo = a.sTransNox  LEFT JOIN Salesman b      ON a.sSalesman = b.sEmployID  LEFT JOIN Client_Master c      ON a.sClientID = c.sClientID  LEFT JOIN Client_Master d      ON b.sEmployID = d.sClientID  AND (a.cTranStat NOT IN ('4','6','3','5')) ORDER BY a.dTransact ASC
RetreiveSource[2]: {"result":"error","payload":[],"continue":true,"message":"No record found."}
Executing SQL:
 SELECT  a.sTransNox,  a.sClientID,  c.sCompnyNm AS CustomerName,  a.sSalesman,  d.sCompnyNm AS SalesPerson,  a.dTransact,  a.cTranStat  FROM Sales_Inquiry_Master a  INNER JOIN (      SELECT DISTINCT sSourceNo      FROM Customer_Inquiry_FollowUp      WHERE dFollowUp < '2026-09-07' ) f ON f.sSourceNo = a.sTransNox  LEFT JOIN Salesman b      ON a.sSalesman = b.sEmployID  LEFT JOIN Client_Master c      ON a.sClientID = c.sClientID  LEFT JOIN Client_Master d      ON b.sEmployID = d.sClientID  AND (a.cTranStat NOT IN ('4','6','3','5')) ORDER BY a.dTransact ASC
RetreiveSource[3]: {"result":"error","payload":[],"continue":true,"message":"No record found."}
Executing SQL:
 SELECT  a.sTransNox,  a.sClientID,  c.sCompnyNm AS CustomerName,  a.sSalesman,  d.sCompnyNm AS SalesPerson,  a.dTransact,  a.cTranStat  FROM Sales_Inquiry_Master a  LEFT JOIN (      SELECT DISTINCT sSourceNo      FROM Customer_Inquiry_FollowUp  ) f ON f.sSourceNo = a.sTransNox  LEFT JOIN Salesman b      ON a.sSalesman = b.sEmployID  LEFT JOIN Client_Master c      ON a.sClientID = c.sClientID  LEFT JOIN Client_Master d      ON b.sEmployID = d.sClientID  WHERE a.dTransact < '2026-09-07' AND f.sSourceNo IS NULL AND a.cTranStat NOT IN ('4','6','3','5') AND a.sSalesman = 'M04711000708' AND a.sClientID = 'GCO126000008' AND a.dTransact >= '2026-08-07' AND a.dTransact <= '2026-09-07' ORDER BY a.dTransact ASC
RetreiveSource[filtered]: {"result":"error","payload":[],"continue":true,"message":"No record found."}
Executing SQL:
 SELECT  a.sTransNox,  a.sClientID,  c.sCompnyNm AS CustomerName,  a.sSalesman,  d.sCompnyNm AS SalesPerson,  a.dTransact,  a.cTranStat  FROM Sales_Inquiry_Master a  LEFT JOIN Salesman b      ON a.sSalesman = b.sEmployID  LEFT JOIN Client_Master c      ON a.sClientID = c.sClientID  LEFT JOIN Client_Master d      ON b.sEmployID = d.sClientID  WHERE a.cTranStat NOT IN ('4','6','3','5') ORDER BY a.dTransact ASC
RetreiveSource[default]: {"result":"success","payload":[{"dTransact":"2026-07-21","sTransNox":"GK0126000001","sClientID":"A00119000126","SalesPerson":null,"cTranStat":"CONFIRMED","CustomerName":"Gutoman, Guillier Agustin","sSalesman":"M00125000372"},{"dTransact":"2026-09-07","sTransNox":"GK0126000002","sClientID":"GK0126000041","SalesPerson":"Tejada, John Tejada","cTranStat":"CONFIRMED","CustomerName":"Abad, Jose","sSalesman":"M04711000708"},{"dTransact":"2026-09-07","sTransNox":"GK0126000003","sClientID":"GK0126000041","SalesPerson":"Tejada, John Tejada","cTranStat":"OPEN","CustomerName":"Abad, Jose","sSalesman":"M04711000708"}],"message":"Record loaded successfully."}
]]></system-out>
  </testcase>
  <testcase name="test10_retreiveCustomerInquiryFollowUps" classname="CustomerInquiryFollowUpTest" time="0.012">
    <system-out><![CDATA[Executing SQL:
 SELECT  a.sTransNox,  b.sClientID AS Customer_Client_ID,  d.sCompnyNm AS Customer_Name,  a.sClientID AS Sales_Client_ID,  e.sCompnyNm AS Sales_Name,  a.sRspnseCd,  a.dFollowUp,  a.cRecdStat,  a.sSourceCd,  a.sSourceNo FROM Customer_Inquiry_FollowUp a  LEFT JOIN Sales_Inquiry_Master b ON a.sSourceNo = b.sTransNox  LEFT JOIN Salesman c ON a.sClientID = c.sEmployID  LEFT JOIN Client_Master d ON b.sClientID = d.sClientID  LEFT JOIN Client_Master e ON a.sClientID = e.sClientID  WHERE a.sSourceNo = 'GCO126000016' AND a.sSourceCd = 'SLSINQ' ORDER BY a.dFollowUp ASC
RetreiveCustomerInquiryFollowUps: {"result":"error","payload":[],"continue":true,"message":"No record found."}
Executing SQL:
 SELECT  a.sTransNox,  b.sClientID AS Customer_Client_ID,  d.sCompnyNm AS Customer_Name,  a.sClientID AS Sales_Client_ID,  e.sCompnyNm AS Sales_Name,  a.sRspnseCd,  a.dFollowUp,  a.cRecdStat,  a.sSourceCd,  a.sSourceNo FROM Customer_Inquiry_FollowUp a  LEFT JOIN Sales_Inquiry_Master b ON a.sSourceNo = b.sTransNox  LEFT JOIN Salesman c ON a.sClientID = c.sEmployID  LEFT JOIN Client_Master d ON b.sClientID = d.sClientID  LEFT JOIN Client_Master e ON a.sClientID = e.sClientID  WHERE  ORDER BY a.dFollowUp ASC
RetreiveCustomerInquiryFollowUps[no filter] hit known empty-condition SQL bug: Syntax error in SQL statement " SELECT  a.sTransNox,  b.sClientID AS Customer_Client_ID,  d.sCompnyNm AS Customer_Name,  a.sClientID AS Sales_Client_ID,  e.sCompnyNm AS Sales_Name,  a.sRspnseCd,  a.dFollowUp,  a.cRecdStat,  a.sSourceCd,  a.sSourceNo FROM Customer_Inquiry_FollowUp a  LEFT JOIN Sales_Inquiry_Master b ON a.sSourceNo = b.sTransNox  LEFT JOIN Salesman c ON a.sClientID = c.sEmployID  LEFT JOIN Client_Master d ON b.sClientID = d.sClientID  LEFT JOIN Client_Master e ON a.sClientID = e.sClientID  WHERE  [*]ORDER BY a.dFollowUp ASC"; expected "INTERSECTS (, NOT, EXISTS, UNIQUE, INTERSECTS"; SQL statement:
 SELECT  a.sTransNox,  b.sClientID AS Customer_Client_ID,  d.sCompnyNm AS Customer_Name,  a.sClientID AS Sales_Client_ID,  e.sCompnyNm AS Sales_Name,  a.sRspnseCd,  a.dFollowUp,  a.cRecdStat,  a.sSourceCd,  a.sSourceNo FROM Customer_Inquiry_FollowUp a  LEFT JOIN Sales_Inquiry_Master b ON a.sSourceNo = b.sTransNox  LEFT JOIN Salesman c ON a.sClientID = c.sEmployID  LEFT JOIN Client_Master d ON b.sClientID = d.sClientID  LEFT JOIN Client_Master e ON a.sClientID = e.sClientID  WHERE  ORDER BY a.dFollowUp ASC [42001-214]
]]></system-out>
  </testcase>
  <testcase name="test10_retreiveCustomerInquiryFollowUps_success" classname="CustomerInquiryFollowUpTest" time="0.015">
    <system-out><![CDATA[Executing SQL:
 SELECT  a.sTransNox,  b.sClientID AS Customer_Client_ID,  d.sCompnyNm AS Customer_Name,  a.sClientID AS Sales_Client_ID,  e.sCompnyNm AS Sales_Name,  a.sRspnseCd,  a.dFollowUp,  a.cRecdStat,  a.sSourceCd,  a.sSourceNo FROM Customer_Inquiry_FollowUp a  LEFT JOIN Sales_Inquiry_Master b ON a.sSourceNo = b.sTransNox  LEFT JOIN Salesman c ON a.sClientID = c.sEmployID  LEFT JOIN Client_Master d ON b.sClientID = d.sClientID  LEFT JOIN Client_Master e ON a.sClientID = e.sClientID  WHERE a.sSourceNo = 'GCO126000016' AND a.sSourceCd = 'SInq' ORDER BY a.dFollowUp ASC
RetreiveCustomerInquiryFollowUps: {"result":"success","payload":[{"sTransNox":"GCO126000005","dFollowUp":"2026-07-27","sClientID":null,"SalesPerson":"Tejada, John Tejada","sRspnseCd":"Positive Response","cTranStat":"FOLLOWED-UP","CustomerName":null,"sSalesman":"M04711000708"},{"sTransNox":"GCO126000006","dFollowUp":"2026-07-27","sClientID":null,"SalesPerson":"Tejada, John Tejada","sRspnseCd":"Positive Response","cTranStat":"FOLLOWED-UP","CustomerName":null,"sSalesman":"M04711000708"},{"sTransNox":"GCO126000007","dFollowUp":"2026-07-27","sClientID":null,"SalesPerson":"Tejada, John Tejada","sRspnseCd":"Negative Response - Lost Sale","cTranStat":"FOLLOWED-UP","CustomerName":null,"sSalesman":"M04711000708"},{"sTransNox":"GCO126000008","dFollowUp":"2026-07-27","sClientID":null,"SalesPerson":"Tejada, John Tejada","sRspnseCd":"Positive Response","cTranStat":"FOLLOWED-UP","CustomerName":null,"sSalesman":"M04711000708"},{"sTransNox":"GCO126000009","dFollowUp":"2026-07-27","sClientID":null,"SalesPerson":"Tejada, John Tejada","sRspnseCd":"Positive Response","cTranStat":"FOLLOWED-UP","CustomerName":null,"sSalesman":"M04711000708"},{"sTransNox":"GCO126000010","dFollowUp":"2026-07-27","sClientID":null,"SalesPerson":"Tejada, John Tejada","sRspnseCd":"Positive Response","cTranStat":"FOLLOWED-UP","CustomerName":null,"sSalesman":"M04711000708"},{"sTransNox":"GCO126000011","dFollowUp":"2026-07-27","sClientID":null,"SalesPerson":"Tejada, John Tejada","sRspnseCd":"Positive Response","cTranStat":"FOLLOWED-UP","CustomerName":null,"sSalesman":"M04711000708"}],"message":"Record loaded successfully."}
]]></system-out>
  </testcase>
  <testcase name="test11_isEntryOkay_missingResponseCode" classname="CustomerInquiryFollowUpTest" time="0.006"/>
  <testcase name="test11_openSalesInquiry" classname="CustomerInquiryFollowUpTest" time="0.034">
    <system-out><![CDATA[OpenSalesInquiry: {"result":"error","message":"Unable to open transaction master record."}
]]></system-out>
  </testcase>
  <testcase name="test12_isEntryOkay_missingClientId" classname="CustomerInquiryFollowUpTest" time="0.004"/>
  <testcase name="test12_openClient" classname="CustomerInquiryFollowUpTest" time="0.011">
    <system-out><![CDATA[Executing SQL:
SELECT  a.sClientID,  a.sCompnyNm,  CONCAT(     b.sAddressx, ', ',      e.sBrgyName, ', ',      f.sTownName, ', ',      g.sDescript, ', ',      f.sZippCode ) AS address,  c.sMobileNo,  c.cPrimaryx,  d.cSocialTp,  d.sAccountx FROM Client_Master a LEFT JOIN Client_Address b ON a.sClientID = b.sClientID LEFT JOIN Client_Mobile c ON a.sClientID = c.sClientID LEFT JOIN Client_Social_Media d ON a.sClientID = d.sClientID LEFT JOIN Barangay e ON b.sBrgyIDxx = e.sBrgyIDxx LEFT JOIN TownCity f ON b.sTownIDxx = f.sTownIDxx LEFT JOIN Province g ON f.sProvIDxx = g.sProvIDxx  WHERE a.sClientID = 'GCO126000008' AND c.cPrimaryx = '1' ORDER BY a.sClientID ASC
OpenClient: {"result":"success","SocMedAcct":"Espinoza Ronalie","address":"test, Bonuan Gueset, Dagupan City, Pangasinan, 2400","contact":"09987564125","SocMed":"0"}
Executing SQL:
SELECT  a.sClientID,  a.sCompnyNm,  CONCAT(     b.sAddressx, ', ',      e.sBrgyName, ', ',      f.sTownName, ', ',      g.sDescript, ', ',      f.sZippCode ) AS address,  c.sMobileNo,  c.cPrimaryx,  d.cSocialTp,  d.sAccountx FROM Client_Master a LEFT JOIN Client_Address b ON a.sClientID = b.sClientID LEFT JOIN Client_Mobile c ON a.sClientID = c.sClientID LEFT JOIN Client_Social_Media d ON a.sClientID = d.sClientID LEFT JOIN Barangay e ON b.sBrgyIDxx = e.sBrgyIDxx LEFT JOIN TownCity f ON b.sTownIDxx = f.sTownIDxx LEFT JOIN Province g ON f.sProvIDxx = g.sProvIDxx  WHERE a.sClientID = 'NON_EXISTENT_CLIENT_XYZ' AND c.cPrimaryx = '1' ORDER BY a.sClientID ASC
]]></system-out>
  </testcase>
  <testcase name="test13_addAndRemoveAttachmentSlots" classname="CustomerInquiryFollowUpTest" time="0.023">
    <system-out><![CDATA[Attachment :0 Removed
]]></system-out>
  </testcase>
  <testcase name="test13_isEntryOkay_missingEntryBy" classname="CustomerInquiryFollowUpTest" time="0.004"/>
  <testcase name="test14_isEntryOkay_missingRecordStatus" classname="CustomerInquiryFollowUpTest" time="0.005"/>
  <testcase name="test14_removeAttachment_deactivateBranch" classname="CustomerInquiryFollowUpTest" time="0.012">
    <system-out><![CDATA[Skipping deactivate branch - no pre-existing attachment available for GCO126000016
]]></system-out>
  </testcase>
  <testcase name="test15_addAttachmentByFileName_reactivateInactiveBranch" classname="CustomerInquiryFollowUpTest" time="0.013">
    <system-out><![CDATA[Attachment :0 Activate
]]></system-out>
  </testcase>
  <testcase name="test15_isEntryOkay_success" classname="CustomerInquiryFollowUpTest" time="0.003"/>
  <testcase name="test16_copyFile_success" classname="CustomerInquiryFollowUpTest" time="0.009">
    <system-out><![CDATA[File copied successfully!
]]></system-out>
  </testcase>
  <testcase name="test17_copyFile_missingSourceDoesNotThrow" classname="CustomerInquiryFollowUpTest" time="0.007">
    <system-err><![CDATA[java.nio.file.NoSuchFileException: \definitely\not\a\real\path_25806604932000.txt
	at sun.nio.fs.WindowsException.translateToIOException(WindowsException.java:79)
	at sun.nio.fs.WindowsException.rethrowAsIOException(WindowsException.java:97)
	at sun.nio.fs.WindowsException.rethrowAsIOException(WindowsException.java:102)
	at sun.nio.fs.WindowsFileCopy.copy(WindowsFileCopy.java:99)
	at sun.nio.fs.WindowsFileSystemProvider.copy(WindowsFileSystemProvider.java:282)
	at java.nio.file.Files.copy(Files.java:1274)
	at ph.com.guanzongroup.cas.sales.CustomerInquiryFollowUp.copyFile(CustomerInquiryFollowUp.java:175)
	at CustomerInquiryFollowUpTest.test17_copyFile_missingSourceDoesNotThrow(CustomerInquiryFollowUpTest.java:882)
	at sun.reflect.NativeMethodAccessorImpl.invoke0(Native Method)
	at sun.reflect.NativeMethodAccessorImpl.invoke(NativeMethodAccessorImpl.java:62)
	at sun.reflect.DelegatingMethodAccessorImpl.invoke(DelegatingMethodAccessorImpl.java:43)
	at java.lang.reflect.Method.invoke(Method.java:498)
	at org.junit.platform.commons.util.ReflectionUtils.invokeMethod(ReflectionUtils.java:728)
	at org.junit.jupiter.engine.execution.MethodInvocation.proceed(MethodInvocation.java:60)
	at org.junit.jupiter.engine.execution.InvocationInterceptorChain$ValidatingInvocation.proceed(InvocationInterceptorChain.java:131)
	at org.junit.jupiter.engine.extension.TimeoutExtension.intercept(TimeoutExtension.java:156)
	at org.junit.jupiter.engine.extension.TimeoutExtension.interceptTestableMethod(TimeoutExtension.java:147)
	at org.junit.jupiter.engine.extension.TimeoutExtension.interceptTestMethod(TimeoutExtension.java:86)
	at org.junit.jupiter.engine.execution.InterceptingExecutableInvoker$ReflectiveInterceptorCall.lambda$ofVoidMethod$0(InterceptingExecutableInvoker.java:103)
	at org.junit.jupiter.engine.execution.InterceptingExecutableInvoker.lambda$invoke$0(InterceptingExecutableInvoker.java:93)
	at org.junit.jupiter.engine.execution.InvocationInterceptorChain$InterceptedInvocation.proceed(InvocationInterceptorChain.java:106)
	at org.junit.jupiter.engine.execution.InvocationInterceptorChain.proceed(InvocationInterceptorChain.java:64)
	at org.junit.jupiter.engine.execution.InvocationInterceptorChain.chainAndInvoke(InvocationInterceptorChain.java:45)
	at org.junit.jupiter.engine.execution.InvocationInterceptorChain.invoke(InvocationInterceptorChain.java:37)
	at org.junit.jupiter.engine.execution.InterceptingExecutableInvoker.invoke(InterceptingExecutableInvoker.java:92)
	at org.junit.jupiter.engine.execution.InterceptingExecutableInvoker.invoke(InterceptingExecutableInvoker.java:86)
	at org.junit.jupiter.engine.descriptor.TestMethodTestDescriptor.lambda$invokeTestMethod$7(TestMethodTestDescriptor.java:218)
	at org.junit.platform.engine.support.hierarchical.ThrowableCollector.execute(ThrowableCollector.java:73)
	at org.junit.jupiter.engine.descriptor.TestMethodTestDescriptor.invokeTestMethod(TestMethodTestDescriptor.java:214)
	at org.junit.jupiter.engine.descriptor.TestMethodTestDescriptor.execute(TestMethodTestDescriptor.java:139)
	at org.junit.jupiter.engine.descriptor.TestMethodTestDescriptor.execute(TestMethodTestDescriptor.java:69)
	at org.junit.platform.engine.support.hierarchical.NodeTestTask.lambda$executeRecursively$6(NodeTestTask.java:151)
	at org.junit.platform.engine.support.hierarchical.ThrowableCollector.execute(ThrowableCollector.java:73)
	at org.junit.platform.engine.support.hierarchical.NodeTestTask.lambda$executeRecursively$8(NodeTestTask.java:141)
	at org.junit.platform.engine.support.hierarchical.Node.around(Node.java:137)
	at org.junit.platform.engine.support.hierarchical.NodeTestTask.lambda$executeRecursively$9(NodeTestTask.java:139)
	at org.junit.platform.engine.support.hierarchical.ThrowableCollector.execute(ThrowableCollector.java:73)
	at org.junit.platform.engine.support.hierarchical.NodeTestTask.executeRecursively(NodeTestTask.java:138)
	at org.junit.platform.engine.support.hierarchical.NodeTestTask.execute(NodeTestTask.java:95)
	at java.util.ArrayList.forEach(ArrayList.java:1259)
	at org.junit.platform.engine.support.hierarchical.SameThreadHierarchicalTestExecutorService.invokeAll(SameThreadHierarchicalTestExecutorService.java:41)
	at org.junit.platform.engine.support.hierarchical.NodeTestTask.lambda$executeRecursively$6(NodeTestTask.java:155)
	at org.junit.platform.engine.support.hierarchical.ThrowableCollector.execute(ThrowableCollector.java:73)
	at org.junit.platform.engine.support.hierarchical.NodeTestTask.lambda$executeRecursively$8(NodeTestTask.java:141)
	at org.junit.platform.engine.support.hierarchical.Node.around(Node.java:137)
	at org.junit.platform.engine.support.hierarchical.NodeTestTask.lambda$executeRecursively$9(NodeTestTask.java:139)
	at org.junit.platform.engine.support.hierarchical.ThrowableCollector.execute(ThrowableCollector.java:73)
	at org.junit.platform.engine.support.hierarchical.NodeTestTask.executeRecursively(NodeTestTask.java:138)
	at org.junit.platform.engine.support.hierarchical.NodeTestTask.execute(NodeTestTask.java:95)
	at java.util.ArrayList.forEach(ArrayList.java:1259)
	at org.junit.platform.engine.support.hierarchical.SameThreadHierarchicalTestExecutorService.invokeAll(SameThreadHierarchicalTestExecutorService.java:41)
	at org.junit.platform.engine.support.hierarchical.NodeTestTask.lambda$executeRecursively$6(NodeTestTask.java:155)
	at org.junit.platform.engine.support.hierarchical.ThrowableCollector.execute(ThrowableCollector.java:73)
	at org.junit.platform.engine.support.hierarchical.NodeTestTask.lambda$executeRecursively$8(NodeTestTask.java:141)
	at org.junit.platform.engine.support.hierarchical.Node.around(Node.java:137)
	at org.junit.platform.engine.support.hierarchical.NodeTestTask.lambda$executeRecursively$9(NodeTestTask.java:139)
	at org.junit.platform.engine.support.hierarchical.ThrowableCollector.execute(ThrowableCollector.java:73)
	at org.junit.platform.engine.support.hierarchical.NodeTestTask.executeRecursively(NodeTestTask.java:138)
	at org.junit.platform.engine.support.hierarchical.NodeTestTask.execute(NodeTestTask.java:95)
	at org.junit.platform.engine.support.hierarchical.SameThreadHierarchicalTestExecutorService.submit(SameThreadHierarchicalTestExecutorService.java:35)
	at org.junit.platform.engine.support.hierarchical.HierarchicalTestExecutor.execute(HierarchicalTestExecutor.java:57)
	at org.junit.platform.engine.support.hierarchical.HierarchicalTestEngine.execute(HierarchicalTestEngine.java:54)
	at org.junit.platform.launcher.core.EngineExecutionOrchestrator.execute(EngineExecutionOrchestrator.java:198)
	at org.junit.platform.launcher.core.EngineExecutionOrchestrator.execute(EngineExecutionOrchestrator.java:169)
	at org.junit.platform.launcher.core.EngineExecutionOrchestrator.execute(EngineExecutionOrchestrator.java:93)
	at org.junit.platform.launcher.core.EngineExecutionOrchestrator.lambda$execute$0(EngineExecutionOrchestrator.java:58)
	at org.junit.platform.launcher.core.EngineExecutionOrchestrator.withInterceptedStreams(EngineExecutionOrchestrator.java:141)
	at org.junit.platform.launcher.core.EngineExecutionOrchestrator.execute(EngineExecutionOrchestrator.java:57)
	at org.junit.platform.launcher.core.DefaultLauncher.execute(DefaultLauncher.java:103)
	at org.junit.platform.launcher.core.DefaultLauncher.execute(DefaultLauncher.java:85)
	at org.junit.platform.launcher.core.DelegatingLauncher.execute(DelegatingLauncher.java:47)
	at org.apache.maven.surefire.junitplatform.LazyLauncher.execute(LazyLauncher.java:56)
	at org.apache.maven.surefire.junitplatform.JUnitPlatformProvider.execute(JUnitPlatformProvider.java:184)
	at org.apache.maven.surefire.junitplatform.JUnitPlatformProvider.invokeAllTests(JUnitPlatformProvider.java:148)
	at org.apache.maven.surefire.junitplatform.JUnitPlatformProvider.invoke(JUnitPlatformProvider.java:122)
	at org.apache.maven.surefire.booter.ForkedBooter.runSuitesInProcess(ForkedBooter.java:385)
	at org.apache.maven.surefire.booter.ForkedBooter.execute(ForkedBooter.java:162)
	at org.apache.maven.surefire.booter.ForkedBooter.run(ForkedBooter.java:507)
	at org.apache.maven.surefire.booter.ForkedBooter.main(ForkedBooter.java:495)
]]></system-err>
  </testcase>
  <testcase name="test18_checkExistingFileName_newFileHasNoError" classname="CustomerInquiryFollowUpTest" time="0.009">
    <system-out><![CDATA[Executing SQL: SELECT sTransNox, sSourceCd, sSourceNo, sDocuType, sDescript, sScanndID, sFileName, sMD5Hashx, sImagePth, dEntryDte, sEntryByx, cRecdStat, cSendStat, sModified, dModified FROM Transaction_Attachment WHERE  sFileName = 'definitely_not_in_db_25806614689700.txt'
checkExistingFileName (new file): {}
]]></system-out>
  </testcase>
  <testcase name="test19_checkExistingFileName_duplicateFileNameErrors" classname="CustomerInquiryFollowUpTest" time="0.016">
    <system-out><![CDATA[Skipping duplicate-filename assertion - could not persist attachment in isolated env: null
]]></system-out>
  </testcase>
</testsuite>